<?xml version="1.0" encoding="UTF-8"?>
<!-- Generated by org.testng.reporters.JUnitReportReporter -->
<testsuite hostname="Chandan-PC" failures="0" tests="1" name="Basic.Readdata1" time="58.712" errors="0" timestamp="2023-12-04T15:06:42 IST" skipped="0">
  <testcase classname="Basic.Readdata1" name="Readdataexcel" time="58.712"/>
  <system-out/>
</testsuite> <!-- Basic.Readdata1 -->
