<?xml version="1.0" encoding="UTF-8"?>
<!-- Generated by org.testng.reporters.JUnitReportReporter -->
<testsuite hostname="Chandan-PC" failures="0" tests="2" name="Basic.executionTest" time="32.831" errors="0" timestamp="2023-12-04T16:57:30 IST" skipped="0">
  <testcase classname="Basic.executionTest" name="Swiggy" time="19.999"/>
  <system-out/>
  <testcase classname="Basic.executionTest" name="Zomato" time="12.832"/>
  <system-out/>
</testsuite> <!-- Basic.executionTest -->
